{
  "stats": {
    "suites": 0,
    "tests": 2,
    "passes": 2,
    "pending": 0,
    "failures": 0,
    "start": "2023-07-07T03:50:54.582Z",
    "end": "2023-07-07T03:51:04.411Z",
    "duration": 9829,
    "testsRegistered": 2,
    "passPercent": 100,
    "pendingPercent": 0,
    "other": 0,
    "hasOther": false,
    "skipped": 0,
    "hasSkipped": false
  },
  "results": [
    {
      "uuid": "8f4dec00-2f28-4a71-89d3-ff0c92e69d16",
      "title": "",
      "fullFile": "cypress/integration/addtocart.ts",
      "file": "cypress/integration/addtocart.ts",
      "beforeHooks": [],
      "afterHooks": [],
      "tests": [
        {
          "title": "Test Sauce Demo Sauce labs product fleece jacket & bike light - Add To Cart",
          "fullTitle": "Test Sauce Demo Sauce labs product fleece jacket & bike light - Add To Cart",
          "timedOut": null,
          "duration": 5183,
          "state": "passed",
          "speed": "medium",
          "pass": true,
          "fail": false,
          "pending": false,
          "context": null,
          "code": "loginPage.login(URL, 'standard_user', 'secret_sauce');\nloginPage.assertLogin();\ndashboardPage.sauceLabsFleeceJacket();\ndashboardPage.clickBackToProducts();\ndashboardPage.sauceLabsBikeLight();\ncartPage.clickCart();\ncartPage.assertFleeceJacketAndBikeLight();",
          "err": {},
          "uuid": "e25a09d5-97db-4a45-bf12-33330397ba35",
          "parentUUID": "8f4dec00-2f28-4a71-89d3-ff0c92e69d16",
          "isHook": false,
          "skipped": false
        },
        {
          "title": "Test Sauce Demo Sauce labs product fleece jacket & bike light - Remove From Cart",
          "fullTitle": "Test Sauce Demo Sauce labs product fleece jacket & bike light - Remove From Cart",
          "timedOut": null,
          "duration": 2417,
          "state": "passed",
          "speed": "fast",
          "pass": true,
          "fail": false,
          "pending": false,
          "context": null,
          "code": "loginPage.login(URL, 'standard_user', 'secret_sauce');\ndashboardPage.sauceLabsFleeceJacket();\ndashboardPage.clickBackToProducts();\ndashboardPage.sauceLabsBikeLight();\ncartPage.clickCart();\ncartPage.assertFleeceJacketAndBikeLight();\ncartPage.removeFleeceJacketnBikeLight();",
          "err": {},
          "uuid": "8c1dc0f2-fb57-45fd-84a0-648115d44e41",
          "parentUUID": "8f4dec00-2f28-4a71-89d3-ff0c92e69d16",
          "isHook": false,
          "skipped": false
        }
      ],
      "suites": [],
      "passes": [
        "e25a09d5-97db-4a45-bf12-33330397ba35",
        "8c1dc0f2-fb57-45fd-84a0-648115d44e41"
      ],
      "failures": [],
      "pending": [],
      "skipped": [],
      "duration": 7600,
      "root": true,
      "rootEmpty": false,
      "_timeout": 2000
    }
  ],
  "meta": {
    "mocha": {
      "version": "7.0.1"
    },
    "mochawesome": {
      "options": {
        "quiet": false,
        "reportFilename": "mochawesome",
        "saveHtml": false,
        "saveJson": true,
        "consoleReporter": "spec",
        "useInlineDiffs": false,
        "code": true
      },
      "version": "7.1.3"
    },
    "marge": {
      "options": {
        "chart": true,
        "overwrite": false,
        "html": false,
        "json": true,
        "reportDir": "cypress/reports"
      },
      "version": "6.2.0"
    }
  }
}