{
  "stats": {
    "suites": 0,
    "tests": 2,
    "passes": 2,
    "pending": 0,
    "failures": 0,
    "start": "2023-07-07T03:51:11.518Z",
    "end": "2023-07-07T03:51:20.591Z",
    "duration": 9073,
    "testsRegistered": 2,
    "passPercent": 100,
    "pendingPercent": 0,
    "other": 0,
    "hasOther": false,
    "skipped": 0,
    "hasSkipped": false
  },
  "results": [
    {
      "uuid": "90d75240-4bc1-4a7f-a66e-1d2d9cfd20b7",
      "title": "",
      "fullFile": "cypress/integration/checkout.ts",
      "file": "cypress/integration/checkout.ts",
      "beforeHooks": [],
      "afterHooks": [],
      "tests": [
        {
          "title": "Test Sauce Demo Failed Checkout because Empty Information",
          "fullTitle": "Test Sauce Demo Failed Checkout because Empty Information",
          "timedOut": null,
          "duration": 3656,
          "state": "passed",
          "speed": "fast",
          "pass": true,
          "fail": false,
          "pending": false,
          "context": null,
          "code": "loginPage.login(URL, 'standard_user', 'secret_sauce');\nloginPage.assertLogin();\ndashboardPage.sauceLabsFleeceJacket();\ndashboardPage.clickBackToProducts();\ndashboardPage.sauceLabsBikeLight();\ncartPage.checkoutProductEmptyInformation();\ncartPage.assertFailCheckoutEmptyInformation();",
          "err": {},
          "uuid": "cd1a886d-a904-415f-a1d4-8fd03f299e9a",
          "parentUUID": "90d75240-4bc1-4a7f-a66e-1d2d9cfd20b7",
          "isHook": false,
          "skipped": false
        },
        {
          "title": "Test Sauce Demo Success Checkout Sauce Labs Fleece Jacket and Bike Light in Cart",
          "fullTitle": "Test Sauce Demo Success Checkout Sauce Labs Fleece Jacket and Bike Light in Cart",
          "timedOut": null,
          "duration": 3163,
          "state": "passed",
          "speed": "fast",
          "pass": true,
          "fail": false,
          "pending": false,
          "context": null,
          "code": "loginPage.login(URL, 'standard_user', 'secret_sauce');\nloginPage.assertLogin();\ndashboardPage.sauceLabsFleeceJacket();\ndashboardPage.clickBackToProducts();\ndashboardPage.sauceLabsBikeLight();\ncartPage.checkoutProduct();",
          "err": {},
          "uuid": "d55c9ff0-9291-424f-9c61-8062d58fe86f",
          "parentUUID": "90d75240-4bc1-4a7f-a66e-1d2d9cfd20b7",
          "isHook": false,
          "skipped": false
        }
      ],
      "suites": [],
      "passes": [
        "cd1a886d-a904-415f-a1d4-8fd03f299e9a",
        "d55c9ff0-9291-424f-9c61-8062d58fe86f"
      ],
      "failures": [],
      "pending": [],
      "skipped": [],
      "duration": 6819,
      "root": true,
      "rootEmpty": false,
      "_timeout": 2000
    }
  ],
  "meta": {
    "mocha": {
      "version": "7.0.1"
    },
    "mochawesome": {
      "options": {
        "quiet": false,
        "reportFilename": "mochawesome",
        "saveHtml": false,
        "saveJson": true,
        "consoleReporter": "spec",
        "useInlineDiffs": false,
        "code": true
      },
      "version": "7.1.3"
    },
    "marge": {
      "options": {
        "chart": true,
        "overwrite": false,
        "html": false,
        "json": true,
        "reportDir": "cypress/reports"
      },
      "version": "6.2.0"
    }
  }
}